0 info it worked if it ends with ok
1 verbose cli [ '/usr/bin/node', '/usr/bin/npm', 'install' ]
2 info using npm@3.10.10
3 info using node@v6.17.1
4 silly loadCurrentTree Starting
5 silly install loadCurrentTree
6 silly install readLocalPackageData
7 silly install normalizeTree
8 silly loadCurrentTree Finishing
9 silly loadIdealTree Starting
10 silly install loadIdealTree
11 silly cloneCurrentTree Starting
12 silly install cloneCurrentTreeToIdealTree
13 silly cloneCurrentTree Finishing
14 silly loadShrinkwrap Starting
15 silly install loadShrinkwrap
16 silly loadShrinkwrap Finishing
17 silly loadAllDepsIntoIdealTree Starting
18 silly install loadAllDepsIntoIdealTree
19 silly fetchNamedPackageData istanbul
20 silly mapToRegistry name istanbul
21 silly mapToRegistry using default registry
22 silly mapToRegistry registry https://registry.npmjs.org/
23 silly mapToRegistry data Result {
23 silly mapToRegistry   raw: 'istanbul',
23 silly mapToRegistry   scope: null,
23 silly mapToRegistry   escapedName: 'istanbul',
23 silly mapToRegistry   name: 'istanbul',
23 silly mapToRegistry   rawSpec: '',
23 silly mapToRegistry   spec: 'latest',
23 silly mapToRegistry   type: 'tag' }
24 silly mapToRegistry uri https://registry.npmjs.org/istanbul
25 silly fetchNamedPackageData jenkins-mocha
26 silly mapToRegistry name jenkins-mocha
27 silly mapToRegistry using default registry
28 silly mapToRegistry registry https://registry.npmjs.org/
29 silly mapToRegistry data Result {
29 silly mapToRegistry   raw: 'jenkins-mocha',
29 silly mapToRegistry   scope: null,
29 silly mapToRegistry   escapedName: 'jenkins-mocha',
29 silly mapToRegistry   name: 'jenkins-mocha',
29 silly mapToRegistry   rawSpec: '',
29 silly mapToRegistry   spec: 'latest',
29 silly mapToRegistry   type: 'tag' }
30 silly mapToRegistry uri https://registry.npmjs.org/jenkins-mocha
31 verbose request uri https://registry.npmjs.org/jenkins-mocha
32 verbose request no auth needed
33 info attempt registry request try #1 at 2:25:51 PM
34 verbose request id ae18ce994ebd19dd
35 verbose etag W/"ca912abbd4c79e70b81cb5054f87f1d5"
36 verbose lastModified Mon, 01 Jul 2019 03:50:38 GMT
37 http request GET https://registry.npmjs.org/jenkins-mocha
38 verbose request uri https://registry.npmjs.org/istanbul
39 verbose request no auth needed
40 info attempt registry request try #1 at 2:25:51 PM
41 verbose etag W/"ebc21bec19266e2b5fb7fb66e907f662"
42 verbose lastModified Thu, 31 Jan 2019 21:36:04 GMT
43 http request GET https://registry.npmjs.org/istanbul
44 info retry will retry, error on last attempt: Error: getaddrinfo EAI_AGAIN registry.npmjs.org:443
45 info retry will retry, error on last attempt: Error: getaddrinfo EAI_AGAIN registry.npmjs.org:443
46 info attempt registry request try #2 at 2:26:21 PM
47 verbose etag W/"ca912abbd4c79e70b81cb5054f87f1d5"
48 verbose lastModified Mon, 01 Jul 2019 03:50:38 GMT
49 http request GET https://registry.npmjs.org/jenkins-mocha
50 info attempt registry request try #2 at 2:26:21 PM
51 verbose etag W/"ebc21bec19266e2b5fb7fb66e907f662"
52 verbose lastModified Thu, 31 Jan 2019 21:36:04 GMT
53 http request GET https://registry.npmjs.org/istanbul
54 info retry will retry, error on last attempt: Error: getaddrinfo EAI_AGAIN registry.npmjs.org:443
55 info retry will retry, error on last attempt: Error: getaddrinfo EAI_AGAIN registry.npmjs.org:443
56 info attempt registry request try #3 at 2:27:41 PM
57 verbose etag W/"ca912abbd4c79e70b81cb5054f87f1d5"
58 verbose lastModified Mon, 01 Jul 2019 03:50:38 GMT
59 http request GET https://registry.npmjs.org/jenkins-mocha
60 info attempt registry request try #3 at 2:27:41 PM
61 verbose etag W/"ebc21bec19266e2b5fb7fb66e907f662"
62 verbose lastModified Thu, 31 Jan 2019 21:36:04 GMT
63 http request GET https://registry.npmjs.org/istanbul
64 silly get cb [ 304, undefined ]
65 verbose etag https://registry.npmjs.org/jenkins-mocha from cache
66 verbose get saving jenkins-mocha to /home/vagrant/.npm/registry.npmjs.org/jenkins-mocha/.cache.json
67 verbose correctMkdir /home/vagrant/.npm correctMkdir not in flight; initializing
68 silly get cb [ 304, undefined ]
69 verbose etag https://registry.npmjs.org/istanbul from cache
70 verbose get saving istanbul to /home/vagrant/.npm/registry.npmjs.org/istanbul/.cache.json
71 verbose correctMkdir /home/vagrant/.npm correctMkdir not in flight; initializing
72 silly resolveWithNewModule jenkins-mocha@3.0.4 checking installable status
73 silly cache add args [ 'jenkins-mocha@^3.0.4', null ]
74 verbose cache add spec jenkins-mocha@^3.0.4
75 silly cache add parsed spec Result {
75 silly cache add   raw: 'jenkins-mocha@^3.0.4',
75 silly cache add   scope: null,
75 silly cache add   escapedName: 'jenkins-mocha',
75 silly cache add   name: 'jenkins-mocha',
75 silly cache add   rawSpec: '^3.0.4',
75 silly cache add   spec: '>=3.0.4 <4.0.0',
75 silly cache add   type: 'range' }
76 silly addNamed jenkins-mocha@>=3.0.4 <4.0.0
77 verbose addNamed ">=3.0.4 <4.0.0" is a valid semver range for jenkins-mocha
78 silly addNameRange { name: 'jenkins-mocha',
78 silly addNameRange   range: '>=3.0.4 <4.0.0',
78 silly addNameRange   hasData: false }
79 silly mapToRegistry name jenkins-mocha
80 silly mapToRegistry using default registry
81 silly mapToRegistry registry https://registry.npmjs.org/
82 silly mapToRegistry data Result {
82 silly mapToRegistry   raw: 'jenkins-mocha',
82 silly mapToRegistry   scope: null,
82 silly mapToRegistry   escapedName: 'jenkins-mocha',
82 silly mapToRegistry   name: 'jenkins-mocha',
82 silly mapToRegistry   rawSpec: '',
82 silly mapToRegistry   spec: 'latest',
82 silly mapToRegistry   type: 'tag' }
83 silly mapToRegistry uri https://registry.npmjs.org/jenkins-mocha
84 verbose addNameRange registry:https://registry.npmjs.org/jenkins-mocha not in flight; fetching
85 verbose get https://registry.npmjs.org/jenkins-mocha not expired, no request
86 silly addNameRange number 2 { name: 'jenkins-mocha', range: '>=3.0.4 <4.0.0', hasData: true }
87 silly addNameRange versions [ 'jenkins-mocha',
87 silly addNameRange   [ '1.0.0',
87 silly addNameRange     '1.0.1',
87 silly addNameRange     '1.0.2',
87 silly addNameRange     '1.0.3',
87 silly addNameRange     '1.0.4',
87 silly addNameRange     '1.0.5',
87 silly addNameRange     '1.0.6',
87 silly addNameRange     '1.0.7',
87 silly addNameRange     '1.0.8',
87 silly addNameRange     '1.0.9',
87 silly addNameRange     '2.0.0',
87 silly addNameRange     '2.0.1',
87 silly addNameRange     '2.1.0',
87 silly addNameRange     '2.2.0',
87 silly addNameRange     '2.3.0',
87 silly addNameRange     '2.3.1',
87 silly addNameRange     '2.4.0',
87 silly addNameRange     '2.5.0',
87 silly addNameRange     '2.6.0',
87 silly addNameRange     '3.0.0',
87 silly addNameRange     '3.0.2',
87 silly addNameRange     '3.0.3',
87 silly addNameRange     '3.0.4',
87 silly addNameRange     '4.0.0',
87 silly addNameRange     '4.1.0',
87 silly addNameRange     '4.1.1',
87 silly addNameRange     '4.1.2',
87 silly addNameRange     '5.0.0',
87 silly addNameRange     '6.0.0',
87 silly addNameRange     '7.0.0',
87 silly addNameRange     '8.0.0' ] ]
88 silly addNamed jenkins-mocha@3.0.4
89 verbose addNamed "3.0.4" is a plain semver version for jenkins-mocha
90 silly resolveWithNewModule istanbul@0.4.5 checking installable status
91 silly cache add args [ 'istanbul@^0.4.5', null ]
92 verbose cache add spec istanbul@^0.4.5
93 silly cache add parsed spec Result {
93 silly cache add   raw: 'istanbul@^0.4.5',
93 silly cache add   scope: null,
93 silly cache add   escapedName: 'istanbul',
93 silly cache add   name: 'istanbul',
93 silly cache add   rawSpec: '^0.4.5',
93 silly cache add   spec: '>=0.4.5 <0.5.0',
93 silly cache add   type: 'range' }
94 silly addNamed istanbul@>=0.4.5 <0.5.0
95 verbose addNamed ">=0.4.5 <0.5.0" is a valid semver range for istanbul
96 silly addNameRange { name: 'istanbul', range: '>=0.4.5 <0.5.0', hasData: false }
97 silly mapToRegistry name istanbul
98 silly mapToRegistry using default registry
99 silly mapToRegistry registry https://registry.npmjs.org/
100 silly mapToRegistry data Result {
100 silly mapToRegistry   raw: 'istanbul',
100 silly mapToRegistry   scope: null,
100 silly mapToRegistry   escapedName: 'istanbul',
100 silly mapToRegistry   name: 'istanbul',
100 silly mapToRegistry   rawSpec: '',
100 silly mapToRegistry   spec: 'latest',
100 silly mapToRegistry   type: 'tag' }
101 silly mapToRegistry uri https://registry.npmjs.org/istanbul
102 verbose addNameRange registry:https://registry.npmjs.org/istanbul not in flight; fetching
103 verbose get https://registry.npmjs.org/istanbul not expired, no request
104 silly addNameRange number 2 { name: 'istanbul', range: '>=0.4.5 <0.5.0', hasData: true }
105 silly addNameRange versions [ 'istanbul',
105 silly addNameRange   [ '0.1.0',
105 silly addNameRange     '0.1.1',
105 silly addNameRange     '0.1.2',
105 silly addNameRange     '0.1.3',
105 silly addNameRange     '0.1.4',
105 silly addNameRange     '0.1.5',
105 silly addNameRange     '0.1.6',
105 silly addNameRange     '0.1.7',
105 silly addNameRange     '0.1.8',
105 silly addNameRange     '0.1.9',
105 silly addNameRange     '0.1.10',
105 silly addNameRange     '0.1.11',
105 silly addNameRange     '0.1.12',
105 silly addNameRange     '0.1.13',
105 silly addNameRange     '0.1.14',
105 silly addNameRange     '0.1.15',
105 silly addNameRange     '0.1.16',
105 silly addNameRange     '0.1.17',
105 silly addNameRange     '0.1.18',
105 silly addNameRange     '0.1.19',
105 silly addNameRange     '0.1.20',
105 silly addNameRange     '0.1.21',
105 silly addNameRange     '0.1.22',
105 silly addNameRange     '0.1.23',
105 silly addNameRange     '0.1.24',
105 silly addNameRange     '0.1.25',
105 silly addNameRange     '0.1.26',
105 silly addNameRange     '0.1.27',
105 silly addNameRange     '0.1.28',
105 silly addNameRange     '0.1.29',
105 silly addNameRange     '0.1.30',
105 silly addNameRange     '0.1.31',
105 silly addNameRange     '0.1.32',
105 silly addNameRange     '0.1.33',
105 silly addNameRange     '0.1.34',
105 silly addNameRange     '0.1.35',
105 silly addNameRange     '0.1.36',
105 silly addNameRange     '0.1.37',
105 silly addNameRange     '0.1.38',
105 silly addNameRange     '0.1.39',
105 silly addNameRange     '0.1.40',
105 silly addNameRange     '0.1.41',
105 silly addNameRange     '0.1.42',
105 silly addNameRange     '0.1.43',
105 silly addNameRange     '0.1.44',
105 silly addNameRange     '0.1.45',
105 silly addNameRange     '0.1.46',
105 silly addNameRange     '0.2.0',
105 silly addNameRange     '0.2.1',
105 silly addNameRange     '0.2.2',
105 silly addNameRange     '0.2.3',
105 silly addNameRange     '0.2.4',
105 silly addNameRange     '0.2.5',
105 silly addNameRange     '0.2.6',
105 silly addNameRange     '0.2.7',
105 silly addNameRange     '0.2.8',
105 silly addNameRange     '0.2.9',
105 silly addNameRange     '0.2.10',
105 silly addNameRange     '0.2.11',
105 silly addNameRange     '0.2.12',
105 silly addNameRange     '0.2.13',
105 silly addNameRange     '0.2.14',
105 silly addNameRange     '0.2.15',
105 silly addNameRange     '0.2.16',
105 silly addNameRange     '0.3.0',
105 silly addNameRange     '0.3.1',
105 silly addNameRange     '0.3.2',
105 silly addNameRange     '0.3.3',
105 silly addNameRange     '0.3.4',
105 silly addNameRange     '0.3.5',
105 silly addNameRange     '0.3.6',
105 silly addNameRange     '0.3.7',
105 silly addNameRange     '0.3.8',
105 silly addNameRange     '0.3.9',
105 silly addNameRange     '0.3.10',
105 silly addNameRange     '0.3.11',
105 silly addNameRange     '0.3.13',
105 silly addNameRange     '0.3.14',
105 silly addNameRange     '0.3.15',
105 silly addNameRange     '0.3.16',
105 silly addNameRange     '0.3.17',
105 silly addNameRange     '0.3.18',
105 silly addNameRange     '0.3.19',
105 silly addNameRange     '0.3.20',
105 silly addNameRange     '0.3.21',
105 silly addNameRange     '0.3.22',
105 silly addNameRange     '0.4.0',
105 silly addNameRange     '0.4.1',
105 silly addNameRange     '1.0.0-alpha.1',
105 silly addNameRange     '1.0.0-alpha.2',
105 silly addNameRange     '0.4.2',
105 silly addNameRange     '0.4.3',
105 silly addNameRange     '0.4.4',
105 silly addNameRange     '1.1.0-alpha.1',
105 silly addNameRange     '0.4.5' ] ]
106 silly addNamed istanbul@0.4.5
107 verbose addNamed "0.4.5" is a plain semver version for istanbul
108 warn deprecated istanbul@0.4.5: This module is no longer maintained, try this instead:
108 warn deprecated   npm i nyc
108 warn deprecated Visit https://istanbul.js.org/integrations for other alternatives.
109 silly cache afterAdd jenkins-mocha@3.0.4
110 verbose afterAdd /home/vagrant/.npm/jenkins-mocha/3.0.4/package/package.json not in flight; writing
111 verbose correctMkdir /home/vagrant/.npm correctMkdir not in flight; initializing
112 silly cache afterAdd istanbul@0.4.5
113 verbose afterAdd /home/vagrant/.npm/istanbul/0.4.5/package/package.json not in flight; writing
114 verbose correctMkdir /home/vagrant/.npm correctMkdir not in flight; initializing
115 verbose afterAdd /home/vagrant/.npm/jenkins-mocha/3.0.4/package/package.json written
116 verbose afterAdd /home/vagrant/.npm/istanbul/0.4.5/package/package.json written
117 silly fetchNamedPackageData esprima
118 silly mapToRegistry name esprima
119 silly mapToRegistry using default registry
120 silly mapToRegistry registry https://registry.npmjs.org/
121 silly mapToRegistry data Result {
121 silly mapToRegistry   raw: 'esprima',
121 silly mapToRegistry   scope: null,
121 silly mapToRegistry   escapedName: 'esprima',
121 silly mapToRegistry   name: 'esprima',
121 silly mapToRegistry   rawSpec: '',
121 silly mapToRegistry   spec: 'latest',
121 silly mapToRegistry   type: 'tag' }
122 silly mapToRegistry uri https://registry.npmjs.org/esprima
123 verbose request uri https://registry.npmjs.org/esprima
124 verbose request no auth needed
125 info attempt registry request try #1 at 2:28:01 PM
126 verbose etag W/"1408d15684aa02561523c247813d3acf"
127 verbose lastModified Sun, 29 Sep 2019 09:56:40 GMT
128 http request GET https://registry.npmjs.org/esprima
129 info retry will retry, error on last attempt: Error: getaddrinfo EAI_AGAIN registry.npmjs.org:443
130 info attempt registry request try #2 at 2:28:31 PM
131 verbose etag W/"1408d15684aa02561523c247813d3acf"
132 verbose lastModified Sun, 29 Sep 2019 09:56:40 GMT
133 http request GET https://registry.npmjs.org/esprima
134 info retry will retry, error on last attempt: Error: getaddrinfo EAI_AGAIN registry.npmjs.org:443
135 info attempt registry request try #3 at 2:29:51 PM
136 verbose etag W/"1408d15684aa02561523c247813d3acf"
137 verbose lastModified Sun, 29 Sep 2019 09:56:40 GMT
138 http request GET https://registry.npmjs.org/esprima
139 silly get cb [ 304, undefined ]
140 verbose etag https://registry.npmjs.org/esprima from cache
141 verbose get saving esprima to /home/vagrant/.npm/registry.npmjs.org/esprima/.cache.json
142 verbose correctMkdir /home/vagrant/.npm correctMkdir not in flight; initializing
143 silly resolveWithNewModule esprima@2.7.3 checking installable status
144 silly cache add args [ 'esprima@2.7.x', null ]
145 verbose cache add spec esprima@2.7.x
146 silly cache add parsed spec Result {
146 silly cache add   raw: 'esprima@2.7.x',
146 silly cache add   scope: null,
146 silly cache add   escapedName: 'esprima',
146 silly cache add   name: 'esprima',
146 silly cache add   rawSpec: '2.7.x',
146 silly cache add   spec: '>=2.7.0 <2.8.0',
146 silly cache add   type: 'range' }
147 silly addNamed esprima@>=2.7.0 <2.8.0
148 verbose addNamed ">=2.7.0 <2.8.0" is a valid semver range for esprima
149 silly addNameRange { name: 'esprima', range: '>=2.7.0 <2.8.0', hasData: false }
150 silly mapToRegistry name esprima
151 silly mapToRegistry using default registry
152 silly mapToRegistry registry https://registry.npmjs.org/
153 silly mapToRegistry data Result {
153 silly mapToRegistry   raw: 'esprima',
153 silly mapToRegistry   scope: null,
153 silly mapToRegistry   escapedName: 'esprima',
153 silly mapToRegistry   name: 'esprima',
153 silly mapToRegistry   rawSpec: '',
153 silly mapToRegistry   spec: 'latest',
153 silly mapToRegistry   type: 'tag' }
154 silly mapToRegistry uri https://registry.npmjs.org/esprima
155 verbose addNameRange registry:https://registry.npmjs.org/esprima not in flight; fetching
156 verbose get https://registry.npmjs.org/esprima not expired, no request
157 silly addNameRange number 2 { name: 'esprima', range: '>=2.7.0 <2.8.0', hasData: true }
158 silly addNameRange versions [ 'esprima',
158 silly addNameRange   [ '0.7.0',
158 silly addNameRange     '0.8.0',
158 silly addNameRange     '0.8.1',
158 silly addNameRange     '0.8.2',
158 silly addNameRange     '0.9.0',
158 silly addNameRange     '0.9.1',
158 silly addNameRange     '0.9.2',
158 silly addNameRange     '0.9.3',
158 silly addNameRange     '0.9.4',
158 silly addNameRange     '0.9.5',
158 silly addNameRange     '0.9.6',
158 silly addNameRange     '0.9.7',
158 silly addNameRange     '0.9.8',
158 silly addNameRange     '0.9.9',
158 silly addNameRange     '1.0.0',
158 silly addNameRange     '1.0.1',
158 silly addNameRange     '1.0.2',
158 silly addNameRange     '1.0.3',
158 silly addNameRange     '1.0.4',
158 silly addNameRange     '1.1.0',
158 silly addNameRange     '1.1.1',
158 silly addNameRange     '1.2.0',
158 silly addNameRange     '1.2.1',
158 silly addNameRange     '1.2.2',
158 silly addNameRange     '1.2.3',
158 silly addNameRange     '1.2.4',
158 silly addNameRange     '2.0.0',
158 silly addNameRange     '1.2.5',
158 silly addNameRange     '2.1.0',
158 silly addNameRange     '2.2.0',
158 silly addNameRange     '2.3.0',
158 silly addNameRange     '2.4.0',
158 silly addNameRange     '2.4.1',
158 silly addNameRange     '2.5.0',
158 silly addNameRange     '2.6.0',
158 silly addNameRange     '2.7.0',
158 silly addNameRange     '2.7.1',
158 silly addNameRange     '2.7.2',
158 silly addNameRange     '2.7.3',
158 silly addNameRange     '3.0.0',
158 silly addNameRange     '3.1.0',
158 silly addNameRange     '3.1.1',
158 silly addNameRange     '3.1.2',
158 silly addNameRange     '3.1.3',
158 silly addNameRange     '4.0.0',
158 silly addNameRange     '4.0.1' ] ]
159 silly addNamed esprima@2.7.3
160 verbose addNamed "2.7.3" is a plain semver version for esprima
161 silly cache afterAdd esprima@2.7.3
162 verbose afterAdd /home/vagrant/.npm/esprima/2.7.3/package/package.json not in flight; writing
163 verbose correctMkdir /home/vagrant/.npm correctMkdir not in flight; initializing
164 verbose afterAdd /home/vagrant/.npm/esprima/2.7.3/package/package.json written
165 silly loadAllDepsIntoIdealTree Finishing
166 silly loadIdealTree Finishing
167 silly currentTree solution-code@1.0.0
167 silly currentTree ├── abbrev@1.0.9
167 silly currentTree ├── accepts@1.3.7
167 silly currentTree ├── amdefine@1.0.1
167 silly currentTree ├── ansi-regex@3.0.0
167 silly currentTree ├── argparse@1.0.10
167 silly currentTree ├── array-flatten@1.1.1
167 silly currentTree ├── assertion-error@1.1.0
167 silly currentTree ├── async@1.5.2
167 silly currentTree ├── balanced-match@1.0.0
167 silly currentTree ├── bluebird@3.5.0
167 silly currentTree ├── body-parser@1.19.0
167 silly currentTree ├── brace-expansion@1.1.11
167 silly currentTree ├── browser-stdout@1.3.0
167 silly currentTree ├── bson@1.0.9
167 silly currentTree ├── buffer-shims@1.0.0
167 silly currentTree ├── bytes@3.1.0
167 silly currentTree ├── chai-http@3.0.0
167 silly currentTree ├── chai-jquery@2.1.0
167 silly currentTree ├── chai@3.5.0
167 silly currentTree ├── charenc@0.0.2
167 silly currentTree ├── combined-stream@1.0.8
167 silly currentTree ├── commander@2.20.3
167 silly currentTree ├── component-emitter@1.3.0
167 silly currentTree ├── concat-map@0.0.1
167 silly currentTree ├── content-disposition@0.5.3
167 silly currentTree ├── content-type@1.0.4
167 silly currentTree ├── cookie-signature@1.0.6
167 silly currentTree ├── cookie@0.4.0
167 silly currentTree ├── cookiejar@2.0.6
167 silly currentTree ├── core-util-is@1.0.2
167 silly currentTree ├── crypt@0.0.2
167 silly currentTree ├── debug@2.6.9
167 silly currentTree ├─┬ deep-eql@0.1.3
167 silly currentTree │ └── type-detect@0.1.1
167 silly currentTree ├── deep-is@0.1.3
167 silly currentTree ├── delayed-stream@1.0.0
167 silly currentTree ├── depd@1.1.2
167 silly currentTree ├── destroy@1.0.4
167 silly currentTree ├── diff@3.2.0
167 silly currentTree ├── ee-first@1.1.1
167 silly currentTree ├── ejs@2.7.4
167 silly currentTree ├── encodeurl@1.0.2
167 silly currentTree ├── errno@0.1.7
167 silly currentTree ├── es6-promise@3.2.1
167 silly currentTree ├── escape-html@1.0.3
167 silly currentTree ├── escape-string-regexp@1.0.5
167 silly currentTree ├── escodegen@1.8.1
167 silly currentTree ├── estraverse@1.9.3
167 silly currentTree ├── esutils@2.0.3
167 silly currentTree ├── etag@1.8.1
167 silly currentTree ├── express@4.17.1
167 silly currentTree ├── extend@3.0.2
167 silly currentTree ├── faker@4.1.0
167 silly currentTree ├── fast-levenshtein@2.0.6
167 silly currentTree ├── finalhandler@1.1.2
167 silly currentTree ├── form-data@1.0.0-rc4
167 silly currentTree ├── formidable@1.2.1
167 silly currentTree ├── forwarded@0.1.2
167 silly currentTree ├── fresh@0.5.2
167 silly currentTree ├── fs.realpath@1.0.0
167 silly currentTree ├── glob@5.0.15
167 silly currentTree ├── graceful-readlink@1.0.1
167 silly currentTree ├── growl@1.9.2
167 silly currentTree ├─┬ handlebars@4.5.3
167 silly currentTree │ └── source-map@0.6.1
167 silly currentTree ├── has-flag@1.0.0
167 silly currentTree ├── he@1.1.1
167 silly currentTree ├── hooks-fixed@2.0.2
167 silly currentTree ├── http-errors@1.7.2
167 silly currentTree ├── iconv-lite@0.4.24
167 silly currentTree ├── inflight@1.0.6
167 silly currentTree ├── inherits@2.0.3
167 silly currentTree ├── interpret@1.2.0
167 silly currentTree ├── ip-regex@1.0.3
167 silly currentTree ├── ipaddr.js@1.9.0
167 silly currentTree ├── is-buffer@1.1.6
167 silly currentTree ├── is-ip@1.0.0
167 silly currentTree ├── isarray@1.0.0
167 silly currentTree ├── isexe@2.0.0
167 silly currentTree ├─┬ js-yaml@3.13.1
167 silly currentTree │ └── esprima@4.0.1
167 silly currentTree ├─┬ json2mongo@2.0.0
167 silly currentTree │ └── mongodb@2.2.36
167 silly currentTree ├── json3@3.3.2
167 silly currentTree ├── kareem@1.5.0
167 silly currentTree ├── levn@0.3.0
167 silly currentTree ├── lodash._baseassign@3.2.0
167 silly currentTree ├── lodash._basecopy@3.0.1
167 silly currentTree ├── lodash._basecreate@3.0.3
167 silly currentTree ├── lodash._getnative@3.9.1
167 silly currentTree ├── lodash._isiterateecall@3.0.9
167 silly currentTree ├── lodash.create@3.1.1
167 silly currentTree ├── lodash.get@4.4.2
167 silly currentTree ├── lodash.isarguments@3.1.0
167 silly currentTree ├── lodash.isarray@3.0.4
167 silly currentTree ├── lodash.keys@3.1.2
167 silly currentTree ├── lodash@4.17.15
167 silly currentTree ├── md5@2.2.1
167 silly currentTree ├── media-typer@0.3.0
167 silly currentTree ├── memory-pager@1.5.0
167 silly currentTree ├── merge-descriptors@1.0.1
167 silly currentTree ├── methods@1.1.2
167 silly currentTree ├── mime-db@1.42.0
167 silly currentTree ├── mime-types@2.1.25
167 silly currentTree ├── mime@1.6.0
167 silly currentTree ├── minimatch@3.0.4
167 silly currentTree ├── minimist@0.0.10
167 silly currentTree ├─┬ mkdirp@0.5.1
167 silly currentTree │ └── minimist@0.0.8
167 silly currentTree ├── mocha-junit-reporter@1.23.1
167 silly currentTree ├─┬ mocha@3.5.3
167 silly currentTree │ ├── commander@2.9.0
167 silly currentTree │ ├── debug@2.6.8
167 silly currentTree │ ├── glob@7.1.1
167 silly currentTree │ └── supports-color@3.1.2
167 silly currentTree ├── mongodb-core@2.1.20
167 silly currentTree ├─┬ mongodb@3.4.1
167 silly currentTree │ └── bson@1.1.3
167 silly currentTree ├─┬ mongoose@4.13.19
167 silly currentTree │ ├── async@2.6.0
167 silly currentTree │ ├── mongodb-core@2.1.18
167 silly currentTree │ └── mongodb@2.2.34
167 silly currentTree ├── mpath@0.5.1
167 silly currentTree ├── mpromise@0.5.5
167 silly currentTree ├─┬ mquery@2.3.3
167 silly currentTree │ └── sliced@0.0.5
167 silly currentTree ├── ms@2.0.0
167 silly currentTree ├── muri@1.3.0
167 silly currentTree ├── negotiator@0.6.2
167 silly currentTree ├── neo-async@2.6.1
167 silly currentTree ├─┬ node-mongo-seeds@2.3.2
167 silly currentTree │ ├── lodash@3.10.1
167 silly currentTree │ └── mongodb@2.2.36
167 silly currentTree ├── nopt@3.0.6
167 silly currentTree ├── npm-path@2.0.4
167 silly currentTree ├── npm-which@3.0.1
167 silly currentTree ├── on-finished@2.3.0
167 silly currentTree ├── once@1.4.0
167 silly currentTree ├─┬ optimist@0.6.1
167 silly currentTree │ └── wordwrap@0.0.3
167 silly currentTree ├── optionator@0.8.3
167 silly currentTree ├── parseurl@1.3.3
167 silly currentTree ├── path-is-absolute@1.0.1
167 silly currentTree ├── path-to-regexp@0.1.7
167 silly currentTree ├── prelude-ls@1.1.2
167 silly currentTree ├── process-nextick-args@1.0.7
167 silly currentTree ├── proxy-addr@2.0.5
167 silly currentTree ├── prr@1.0.1
167 silly currentTree ├── q@1.5.1
167 silly currentTree ├── qs@6.7.0
167 silly currentTree ├── range-parser@1.2.1
167 silly currentTree ├── raw-body@2.4.0
167 silly currentTree ├── readable-stream@2.2.7
167 silly currentTree ├── rechoir@0.6.2
167 silly currentTree ├── regexp-clone@0.0.1
167 silly currentTree ├── require_optional@1.0.1
167 silly currentTree ├── resolve-from@2.0.0
167 silly currentTree ├── resolve@1.1.7
167 silly currentTree ├── safe-buffer@5.1.2
167 silly currentTree ├── safer-buffer@2.1.2
167 silly currentTree ├── saslprep@1.0.3
167 silly currentTree ├── semver@5.7.1
167 silly currentTree ├─┬ send@0.17.1
167 silly currentTree │ └── ms@2.1.1
167 silly currentTree ├── serve-static@1.14.1
167 silly currentTree ├── setprototypeof@1.1.1
167 silly currentTree ├── shell-escape@0.2.0
167 silly currentTree ├─┬ shelljs@0.7.8
167 silly currentTree │ └── glob@7.1.6
167 silly currentTree ├── sliced@1.0.1
167 silly currentTree ├── source-map@0.2.0
167 silly currentTree ├── sparse-bitfield@3.0.3
167 silly currentTree ├── spec-xunit-file@0.0.1-3
167 silly currentTree ├── sprintf-js@1.0.3
167 silly currentTree ├── statuses@1.5.0
167 silly currentTree ├── string_decoder@1.0.3
167 silly currentTree ├── strip-ansi@4.0.0
167 silly currentTree ├── superagent@2.3.0
167 silly currentTree ├── supports-color@3.2.3
167 silly currentTree ├── toidentifier@1.0.0
167 silly currentTree ├── type-check@0.3.2
167 silly currentTree ├── type-detect@1.0.0
167 silly currentTree ├── type-is@1.6.18
167 silly currentTree ├─┬ uglify-js@3.7.2
167 silly currentTree │ └── source-map@0.6.1
167 silly currentTree ├── unpipe@1.0.0
167 silly currentTree ├── util-deprecate@1.0.2
167 silly currentTree ├── utils-merge@1.0.1
167 silly currentTree ├── vary@1.1.2
167 silly currentTree ├── which@1.3.1
167 silly currentTree ├── word-wrap@1.2.3
167 silly currentTree ├── wordwrap@1.0.0
167 silly currentTree ├── wrappy@1.0.2
167 silly currentTree └── xml@1.0.1
168 silly idealTree solution-code@1.0.0
168 silly idealTree ├── abbrev@1.0.9
168 silly idealTree ├── accepts@1.3.7
168 silly idealTree ├── amdefine@1.0.1
168 silly idealTree ├── ansi-regex@3.0.0
168 silly idealTree ├── argparse@1.0.10
168 silly idealTree ├── array-flatten@1.1.1
168 silly idealTree ├── assertion-error@1.1.0
168 silly idealTree ├── async@1.5.2
168 silly idealTree ├── balanced-match@1.0.0
168 silly idealTree ├── bluebird@3.5.0
168 silly idealTree ├── body-parser@1.19.0
168 silly idealTree ├── brace-expansion@1.1.11
168 silly idealTree ├── browser-stdout@1.3.0
168 silly idealTree ├── bson@1.0.9
168 silly idealTree ├── buffer-shims@1.0.0
168 silly idealTree ├── bytes@3.1.0
168 silly idealTree ├── chai-http@3.0.0
168 silly idealTree ├── chai-jquery@2.1.0
168 silly idealTree ├── chai@3.5.0
168 silly idealTree ├── charenc@0.0.2
168 silly idealTree ├── combined-stream@1.0.8
168 silly idealTree ├── commander@2.20.3
168 silly idealTree ├── component-emitter@1.3.0
168 silly idealTree ├── concat-map@0.0.1
168 silly idealTree ├── content-disposition@0.5.3
168 silly idealTree ├── content-type@1.0.4
168 silly idealTree ├── cookie-signature@1.0.6
168 silly idealTree ├── cookie@0.4.0
168 silly idealTree ├── cookiejar@2.0.6
168 silly idealTree ├── core-util-is@1.0.2
168 silly idealTree ├── crypt@0.0.2
168 silly idealTree ├── debug@2.6.9
168 silly idealTree ├─┬ deep-eql@0.1.3
168 silly idealTree │ └── type-detect@0.1.1
168 silly idealTree ├── deep-is@0.1.3
168 silly idealTree ├── delayed-stream@1.0.0
168 silly idealTree ├── depd@1.1.2
168 silly idealTree ├── destroy@1.0.4
168 silly idealTree ├── diff@3.2.0
168 silly idealTree ├── ee-first@1.1.1
168 silly idealTree ├── ejs@2.7.4
168 silly idealTree ├── encodeurl@1.0.2
168 silly idealTree ├── errno@0.1.7
168 silly idealTree ├── es6-promise@3.2.1
168 silly idealTree ├── escape-html@1.0.3
168 silly idealTree ├── escape-string-regexp@1.0.5
168 silly idealTree ├── escodegen@1.8.1
168 silly idealTree ├── esprima@2.7.3
168 silly idealTree ├── estraverse@1.9.3
168 silly idealTree ├── esutils@2.0.3
168 silly idealTree ├── etag@1.8.1
168 silly idealTree ├── express@4.17.1
168 silly idealTree ├── extend@3.0.2
168 silly idealTree ├── faker@4.1.0
168 silly idealTree ├── fast-levenshtein@2.0.6
168 silly idealTree ├── finalhandler@1.1.2
168 silly idealTree ├── form-data@1.0.0-rc4
168 silly idealTree ├── formidable@1.2.1
168 silly idealTree ├── forwarded@0.1.2
168 silly idealTree ├── fresh@0.5.2
168 silly idealTree ├── fs.realpath@1.0.0
168 silly idealTree ├── glob@5.0.15
168 silly idealTree ├── graceful-readlink@1.0.1
168 silly idealTree ├── growl@1.9.2
168 silly idealTree ├─┬ handlebars@4.5.3
168 silly idealTree │ └── source-map@0.6.1
168 silly idealTree ├── has-flag@1.0.0
168 silly idealTree ├── he@1.1.1
168 silly idealTree ├── hooks-fixed@2.0.2
168 silly idealTree ├── http-errors@1.7.2
168 silly idealTree ├── iconv-lite@0.4.24
168 silly idealTree ├── inflight@1.0.6
168 silly idealTree ├── inherits@2.0.3
168 silly idealTree ├── interpret@1.2.0
168 silly idealTree ├── ip-regex@1.0.3
168 silly idealTree ├── ipaddr.js@1.9.0
168 silly idealTree ├── is-buffer@1.1.6
168 silly idealTree ├── is-ip@1.0.0
168 silly idealTree ├── isarray@1.0.0
168 silly idealTree ├── isexe@2.0.0
168 silly idealTree ├── istanbul@0.4.5
168 silly idealTree ├── jenkins-mocha@3.0.4
168 silly idealTree ├─┬ js-yaml@3.13.1
168 silly idealTree │ └── esprima@4.0.1
168 silly idealTree ├─┬ json2mongo@2.0.0
168 silly idealTree │ └── mongodb@2.2.36
168 silly idealTree ├── json3@3.3.2
168 silly idealTree ├── kareem@1.5.0
168 silly idealTree ├── levn@0.3.0
168 silly idealTree ├── lodash._baseassign@3.2.0
168 silly idealTree ├── lodash._basecopy@3.0.1
168 silly idealTree ├── lodash._basecreate@3.0.3
168 silly idealTree ├── lodash._getnative@3.9.1
168 silly idealTree ├── lodash._isiterateecall@3.0.9
168 silly idealTree ├── lodash.create@3.1.1
168 silly idealTree ├── lodash.get@4.4.2
168 silly idealTree ├── lodash.isarguments@3.1.0
168 silly idealTree ├── lodash.isarray@3.0.4
168 silly idealTree ├── lodash.keys@3.1.2
168 silly idealTree ├── lodash@4.17.15
168 silly idealTree ├── md5@2.2.1
168 silly idealTree ├── media-typer@0.3.0
168 silly idealTree ├── memory-pager@1.5.0
168 silly idealTree ├── merge-descriptors@1.0.1
168 silly idealTree ├── methods@1.1.2
168 silly idealTree ├── mime-db@1.42.0
168 silly idealTree ├── mime-types@2.1.25
168 silly idealTree ├── mime@1.6.0
168 silly idealTree ├── minimatch@3.0.4
168 silly idealTree ├── minimist@0.0.10
168 silly idealTree ├─┬ mkdirp@0.5.1
168 silly idealTree │ └── minimist@0.0.8
168 silly idealTree ├── mocha-junit-reporter@1.23.1
168 silly idealTree ├─┬ mocha@3.5.3
168 silly idealTree │ ├── commander@2.9.0
168 silly idealTree │ ├── debug@2.6.8
168 silly idealTree │ ├── glob@7.1.1
168 silly idealTree │ └── supports-color@3.1.2
168 silly idealTree ├── mongodb-core@2.1.20
168 silly idealTree ├─┬ mongodb@3.4.1
168 silly idealTree │ └── bson@1.1.3
168 silly idealTree ├─┬ mongoose@4.13.19
168 silly idealTree │ ├── async@2.6.0
168 silly idealTree │ ├── mongodb-core@2.1.18
168 silly idealTree │ └── mongodb@2.2.34
168 silly idealTree ├── mpath@0.5.1
168 silly idealTree ├── mpromise@0.5.5
168 silly idealTree ├─┬ mquery@2.3.3
168 silly idealTree │ └── sliced@0.0.5
168 silly idealTree ├── ms@2.0.0
168 silly idealTree ├── muri@1.3.0
168 silly idealTree ├── negotiator@0.6.2
168 silly idealTree ├── neo-async@2.6.1
168 silly idealTree ├─┬ node-mongo-seeds@2.3.2
168 silly idealTree │ ├── lodash@3.10.1
168 silly idealTree │ └── mongodb@2.2.36
168 silly idealTree ├── nopt@3.0.6
168 silly idealTree ├── npm-path@2.0.4
168 silly idealTree ├── npm-which@3.0.1
168 silly idealTree ├── on-finished@2.3.0
168 silly idealTree ├── once@1.4.0
168 silly idealTree ├─┬ optimist@0.6.1
168 silly idealTree │ └── wordwrap@0.0.3
168 silly idealTree ├── optionator@0.8.3
168 silly idealTree ├── parseurl@1.3.3
168 silly idealTree ├── path-is-absolute@1.0.1
168 silly idealTree ├── path-to-regexp@0.1.7
168 silly idealTree ├── prelude-ls@1.1.2
168 silly idealTree ├── process-nextick-args@1.0.7
168 silly idealTree ├── proxy-addr@2.0.5
168 silly idealTree ├── prr@1.0.1
168 silly idealTree ├── q@1.5.1
168 silly idealTree ├── qs@6.7.0
168 silly idealTree ├── range-parser@1.2.1
168 silly idealTree ├── raw-body@2.4.0
168 silly idealTree ├── readable-stream@2.2.7
168 silly idealTree ├── rechoir@0.6.2
168 silly idealTree ├── regexp-clone@0.0.1
168 silly idealTree ├── require_optional@1.0.1
168 silly idealTree ├── resolve-from@2.0.0
168 silly idealTree ├── resolve@1.1.7
168 silly idealTree ├── safe-buffer@5.1.2
168 silly idealTree ├── safer-buffer@2.1.2
168 silly idealTree ├── saslprep@1.0.3
168 silly idealTree ├── semver@5.7.1
168 silly idealTree ├─┬ send@0.17.1
168 silly idealTree │ └── ms@2.1.1
168 silly idealTree ├── serve-static@1.14.1
168 silly idealTree ├── setprototypeof@1.1.1
168 silly idealTree ├── shell-escape@0.2.0
168 silly idealTree ├─┬ shelljs@0.7.8
168 silly idealTree │ └── glob@7.1.6
168 silly idealTree ├── sliced@1.0.1
168 silly idealTree ├── source-map@0.2.0
168 silly idealTree ├── sparse-bitfield@3.0.3
168 silly idealTree ├── spec-xunit-file@0.0.1-3
168 silly idealTree ├── sprintf-js@1.0.3
168 silly idealTree ├── statuses@1.5.0
168 silly idealTree ├── string_decoder@1.0.3
168 silly idealTree ├── strip-ansi@4.0.0
168 silly idealTree ├── superagent@2.3.0
168 silly idealTree ├── supports-color@3.2.3
168 silly idealTree ├── toidentifier@1.0.0
168 silly idealTree ├── type-check@0.3.2
168 silly idealTree ├── type-detect@1.0.0
168 silly idealTree ├── type-is@1.6.18
168 silly idealTree ├─┬ uglify-js@3.7.2
168 silly idealTree │ └── source-map@0.6.1
168 silly idealTree ├── unpipe@1.0.0
168 silly idealTree ├── util-deprecate@1.0.2
168 silly idealTree ├── utils-merge@1.0.1
168 silly idealTree ├── vary@1.1.2
168 silly idealTree ├── which@1.3.1
168 silly idealTree ├── word-wrap@1.2.3
168 silly idealTree ├── wordwrap@1.0.0
168 silly idealTree ├── wrappy@1.0.2
168 silly idealTree └── xml@1.0.1
169 silly generateActionsToTake Starting
170 silly install generateActionsToTake
171 silly generateActionsToTake Finishing
172 silly diffTrees action count 3
173 silly diffTrees add esprima@2.7.3
174 silly diffTrees add istanbul@0.4.5
175 silly diffTrees add jenkins-mocha@3.0.4
176 silly decomposeActions action count 24
177 silly decomposeActions fetch esprima@2.7.3
178 silly decomposeActions extract esprima@2.7.3
179 silly decomposeActions test esprima@2.7.3
180 silly decomposeActions preinstall esprima@2.7.3
181 silly decomposeActions build esprima@2.7.3
182 silly decomposeActions install esprima@2.7.3
183 silly decomposeActions postinstall esprima@2.7.3
184 silly decomposeActions finalize esprima@2.7.3
185 silly decomposeActions fetch istanbul@0.4.5
186 silly decomposeActions extract istanbul@0.4.5
187 silly decomposeActions test istanbul@0.4.5
188 silly decomposeActions preinstall istanbul@0.4.5
189 silly decomposeActions build istanbul@0.4.5
190 silly decomposeActions install istanbul@0.4.5
191 silly decomposeActions postinstall istanbul@0.4.5
192 silly decomposeActions finalize istanbul@0.4.5
193 silly decomposeActions fetch jenkins-mocha@3.0.4
194 silly decomposeActions extract jenkins-mocha@3.0.4
195 silly decomposeActions test jenkins-mocha@3.0.4
196 silly decomposeActions preinstall jenkins-mocha@3.0.4
197 silly decomposeActions build jenkins-mocha@3.0.4
198 silly decomposeActions install jenkins-mocha@3.0.4
199 silly decomposeActions postinstall jenkins-mocha@3.0.4
200 silly decomposeActions finalize jenkins-mocha@3.0.4
201 silly runTopLevelLifecycles Starting
202 silly install runPreinstallTopLevelLifecycles
203 silly preinstall solution-code@1.0.0 /vagrant/app/solution-code-9e5ee865
204 info lifecycle solution-code@1.0.0~preinstall: solution-code@1.0.0
205 silly lifecycle solution-code@1.0.0~preinstall: no script for preinstall, continuing
206 silly executeActions Starting
207 silly install executeActions
208 silly doSerial global-install 0
209 silly doParallel fetch 3
210 verbose correctMkdir /home/vagrant/.npm/_locks correctMkdir not in flight; initializing
211 verbose lock using /home/vagrant/.npm/_locks/staging-e7d71de570022d31.lock for /vagrant/app/node_modules/.staging
212 silly doParallel extract 3
213 silly extract esprima@2.7.3
214 silly extract istanbul@0.4.5
215 silly extract jenkins-mocha@3.0.4
216 verbose unbuild node_modules/.staging/esprima-9856e2d0
217 verbose unbuild node_modules/.staging/istanbul-7e6a710e
218 verbose unbuild node_modules/.staging/jenkins-mocha-3c24566d
219 silly gentlyRm /vagrant/app/node_modules/.staging/esprima-9856e2d0 is being purged from base /vagrant/app
220 verbose gentlyRm don't care about contents; nuking /vagrant/app/node_modules/.staging/esprima-9856e2d0
221 silly gentlyRm /vagrant/app/node_modules/.staging/istanbul-7e6a710e is being purged from base /vagrant/app
222 verbose gentlyRm don't care about contents; nuking /vagrant/app/node_modules/.staging/istanbul-7e6a710e
223 silly gentlyRm /vagrant/app/node_modules/.staging/jenkins-mocha-3c24566d is being purged from base /vagrant/app
224 verbose gentlyRm don't care about contents; nuking /vagrant/app/node_modules/.staging/jenkins-mocha-3c24566d
225 verbose tar unpack /home/vagrant/.npm/esprima/2.7.3/package.tgz
226 verbose tar unpacking to /vagrant/app/node_modules/.staging/esprima-9856e2d0
227 silly gentlyRm /vagrant/app/node_modules/.staging/esprima-9856e2d0 is being purged
228 verbose gentlyRm don't care about contents; nuking /vagrant/app/node_modules/.staging/esprima-9856e2d0
229 verbose tar unpack /home/vagrant/.npm/istanbul/0.4.5/package.tgz
230 verbose tar unpacking to /vagrant/app/node_modules/.staging/istanbul-7e6a710e
231 silly gentlyRm /vagrant/app/node_modules/.staging/istanbul-7e6a710e is being purged
232 verbose gentlyRm don't care about contents; nuking /vagrant/app/node_modules/.staging/istanbul-7e6a710e
233 verbose tar unpack /home/vagrant/.npm/jenkins-mocha/3.0.4/package.tgz
234 verbose tar unpacking to /vagrant/app/node_modules/.staging/jenkins-mocha-3c24566d
235 silly gentlyRm /vagrant/app/node_modules/.staging/jenkins-mocha-3c24566d is being purged
236 verbose gentlyRm don't care about contents; nuking /vagrant/app/node_modules/.staging/jenkins-mocha-3c24566d
237 silly gunzTarPerm modes [ '775', '664' ]
238 silly gunzTarPerm modes [ '775', '664' ]
239 silly gunzTarPerm modes [ '775', '664' ]
240 silly gunzTarPerm extractEntry package.json
241 silly gunzTarPerm modified mode [ 'package.json', 420, 436 ]
242 silly gunzTarPerm extractEntry package.json
243 silly gunzTarPerm modified mode [ 'package.json', 420, 436 ]
244 silly gunzTarPerm extractEntry package.json
245 silly gunzTarPerm modified mode [ 'package.json', 420, 436 ]
246 silly gunzTarPerm extractEntry README.md
247 silly gunzTarPerm modified mode [ 'README.md', 420, 436 ]
248 silly gunzTarPerm extractEntry LICENSE
249 silly gunzTarPerm modified mode [ 'LICENSE', 420, 436 ]
250 silly gunzTarPerm extractEntry README.md
251 silly gunzTarPerm modified mode [ 'README.md', 420, 436 ]
252 silly gunzTarPerm extractEntry esprima.js
253 silly gunzTarPerm modified mode [ 'esprima.js', 420, 436 ]
254 silly gunzTarPerm extractEntry .npmignore
255 silly gunzTarPerm modified mode [ '.npmignore', 420, 436 ]
256 silly gunzTarPerm extractEntry README.md
257 silly gunzTarPerm modified mode [ 'README.md', 420, 436 ]
258 silly gunzTarPerm extractEntry ChangeLog
259 silly gunzTarPerm modified mode [ 'ChangeLog', 420, 436 ]
260 silly gunzTarPerm extractEntry LICENSE
261 silly gunzTarPerm modified mode [ 'LICENSE', 420, 436 ]
262 silly gunzTarPerm extractEntry ci/coverage.sh
263 silly gunzTarPerm modified mode [ 'ci/coverage.sh', 493, 509 ]
264 silly gunzTarPerm extractEntry index.js
265 silly gunzTarPerm modified mode [ 'index.js', 420, 436 ]
266 silly gunzTarPerm extractEntry CHANGELOG.md
267 silly gunzTarPerm modified mode [ 'CHANGELOG.md', 420, 436 ]
268 silly gunzTarPerm extractEntry ci/publish.sh
269 silly gunzTarPerm modified mode [ 'ci/publish.sh', 493, 509 ]
270 silly gunzTarPerm extractEntry bin/jenkins.js
271 silly gunzTarPerm modified mode [ 'bin/jenkins.js', 493, 509 ]
272 silly gunzTarPerm extractEntry LICENSE.BSD
273 silly gunzTarPerm modified mode [ 'LICENSE.BSD', 420, 436 ]
274 silly gunzTarPerm extractEntry bin/esparse.js
275 silly gunzTarPerm modified mode [ 'bin/esparse.js', 420, 436 ]
276 silly gunzTarPerm extractEntry bin/esvalidate.js
277 silly gunzTarPerm modified mode [ 'bin/esvalidate.js', 493, 509 ]
278 silly gunzTarPerm extractEntry lib/instrumenter.js
279 silly gunzTarPerm modified mode [ 'lib/instrumenter.js', 420, 436 ]
280 silly gunzTarPerm extractEntry lib/collector.js
281 silly gunzTarPerm modified mode [ 'lib/collector.js', 420, 436 ]
282 silly gunzTarPerm extractEntry lib/jenkins.js
283 silly gunzTarPerm modified mode [ 'lib/jenkins.js', 420, 436 ]
284 silly gunzTarPerm extractEntry screwdriver.yaml
285 silly gunzTarPerm modified mode [ 'screwdriver.yaml', 420, 436 ]
286 silly gunzTarPerm extractEntry lib/config.js
287 silly gunzTarPerm modified mode [ 'lib/config.js', 420, 436 ]
288 silly gunzTarPerm extractEntry lib/hook.js
289 silly gunzTarPerm modified mode [ 'lib/hook.js', 420, 436 ]
290 silly gunzTarPerm extractEntry test/jenkins.test.js
291 silly gunzTarPerm modified mode [ 'test/jenkins.test.js', 420, 436 ]
292 silly gunzTarPerm extractEntry lib/cli.js
293 silly gunzTarPerm modified mode [ 'lib/cli.js', 493, 509 ]
294 silly gunzTarPerm extractEntry lib/object-utils.js
295 silly gunzTarPerm modified mode [ 'lib/object-utils.js', 420, 436 ]
296 silly gunzTarPerm extractEntry lib/register-plugins.js
297 silly gunzTarPerm modified mode [ 'lib/register-plugins.js', 420, 436 ]
298 silly gunzTarPerm extractEntry lib/reporter.js
299 silly gunzTarPerm modified mode [ 'lib/reporter.js', 420, 436 ]
300 silly gunzTarPerm extractEntry lib/assets/sorter.js
301 silly gunzTarPerm modified mode [ 'lib/assets/sorter.js', 420, 436 ]
302 silly gunzTarPerm extractEntry lib/assets/base.css
303 silly gunzTarPerm modified mode [ 'lib/assets/base.css', 420, 436 ]
304 silly gunzTarPerm extractEntry lib/assets/sort-arrow-sprite.png
305 silly gunzTarPerm modified mode [ 'lib/assets/sort-arrow-sprite.png', 420, 436 ]
306 silly gunzTarPerm extractEntry lib/assets/vendor/prettify.js
307 silly gunzTarPerm modified mode [ 'lib/assets/vendor/prettify.js', 420, 436 ]
308 silly gunzTarPerm extractEntry lib/assets/vendor/prettify.css
309 silly gunzTarPerm modified mode [ 'lib/assets/vendor/prettify.css', 420, 436 ]
310 silly gunzTarPerm extractEntry lib/report/clover.js
311 silly gunzTarPerm modified mode [ 'lib/report/clover.js', 420, 436 ]
312 silly gunzTarPerm extractEntry lib/report/html.js
313 silly gunzTarPerm modified mode [ 'lib/report/html.js', 420, 436 ]
314 silly gunzTarPerm extractEntry lib/report/index.js
315 silly gunzTarPerm modified mode [ 'lib/report/index.js', 420, 436 ]
316 silly gentlyRm /vagrant/app/node_modules/.staging/esprima-9856e2d0/node_modules is being purged
317 verbose gentlyRm don't care about contents; nuking /vagrant/app/node_modules/.staging/esprima-9856e2d0/node_modules
318 silly gunzTarPerm extractEntry lib/report/json-summary.js
319 silly gunzTarPerm modified mode [ 'lib/report/json-summary.js', 420, 436 ]
320 silly gunzTarPerm extractEntry lib/report/text-summary.js
321 silly gunzTarPerm modified mode [ 'lib/report/text-summary.js', 420, 436 ]
322 silly gunzTarPerm extractEntry lib/report/cobertura.js
323 silly gunzTarPerm modified mode [ 'lib/report/cobertura.js', 420, 436 ]
324 silly gunzTarPerm extractEntry lib/report/lcovonly.js
325 silly gunzTarPerm modified mode [ 'lib/report/lcovonly.js', 420, 436 ]
326 silly gentlyRm /vagrant/app/node_modules/.staging/jenkins-mocha-3c24566d/node_modules is being purged
327 verbose gentlyRm don't care about contents; nuking /vagrant/app/node_modules/.staging/jenkins-mocha-3c24566d/node_modules
328 silly gunzTarPerm extractEntry lib/report/none.js
329 silly gunzTarPerm modified mode [ 'lib/report/none.js', 420, 436 ]
330 silly gunzTarPerm extractEntry lib/report/teamcity.js
331 silly gunzTarPerm modified mode [ 'lib/report/teamcity.js', 420, 436 ]
332 silly gunzTarPerm extractEntry lib/report/text-lcov.js
333 silly gunzTarPerm modified mode [ 'lib/report/text-lcov.js', 420, 436 ]
334 silly gunzTarPerm extractEntry lib/report/json.js
335 silly gunzTarPerm modified mode [ 'lib/report/json.js', 420, 436 ]
336 silly gunzTarPerm extractEntry lib/report/text.js
337 silly gunzTarPerm modified mode [ 'lib/report/text.js', 420, 436 ]
338 silly gunzTarPerm extractEntry lib/report/lcov.js
339 silly gunzTarPerm modified mode [ 'lib/report/lcov.js', 420, 436 ]
340 silly gunzTarPerm extractEntry lib/report/templates/foot.txt
341 silly gunzTarPerm modified mode [ 'lib/report/templates/foot.txt', 420, 436 ]
342 silly gunzTarPerm extractEntry lib/report/templates/head.txt
343 silly gunzTarPerm modified mode [ 'lib/report/templates/head.txt', 420, 436 ]
344 silly gunzTarPerm extractEntry lib/report/common/defaults.js
345 silly gunzTarPerm modified mode [ 'lib/report/common/defaults.js', 420, 436 ]
346 silly gunzTarPerm extractEntry lib/command/check-coverage.js
347 silly gunzTarPerm modified mode [ 'lib/command/check-coverage.js', 420, 436 ]
348 silly gunzTarPerm extractEntry lib/command/cover.js
349 silly gunzTarPerm modified mode [ 'lib/command/cover.js', 420, 436 ]
350 silly gunzTarPerm extractEntry lib/command/help.js
351 silly gunzTarPerm modified mode [ 'lib/command/help.js', 420, 436 ]
352 silly gunzTarPerm extractEntry lib/command/index.js
353 silly gunzTarPerm modified mode [ 'lib/command/index.js', 420, 436 ]
354 silly gunzTarPerm extractEntry lib/command/instrument.js
355 silly gunzTarPerm modified mode [ 'lib/command/instrument.js', 420, 436 ]
356 silly gunzTarPerm extractEntry lib/command/report.js
357 silly gunzTarPerm modified mode [ 'lib/command/report.js', 420, 436 ]
358 silly gunzTarPerm extractEntry lib/command/test.js
359 silly gunzTarPerm modified mode [ 'lib/command/test.js', 420, 436 ]
360 silly gunzTarPerm extractEntry lib/command/common/run-with-cover.js
361 silly gunzTarPerm modified mode [ 'lib/command/common/run-with-cover.js', 420, 436 ]
362 silly gunzTarPerm extractEntry lib/store/fslookup.js
363 silly gunzTarPerm modified mode [ 'lib/store/fslookup.js', 420, 436 ]
364 silly gunzTarPerm extractEntry lib/store/index.js
365 silly gunzTarPerm modified mode [ 'lib/store/index.js', 420, 436 ]
366 silly gunzTarPerm extractEntry lib/store/memory.js
367 silly gunzTarPerm modified mode [ 'lib/store/memory.js', 420, 436 ]
368 silly gunzTarPerm extractEntry lib/store/tmp.js
369 silly gunzTarPerm modified mode [ 'lib/store/tmp.js', 420, 436 ]
370 silly gunzTarPerm extractEntry lib/util/factory.js
371 silly gunzTarPerm modified mode [ 'lib/util/factory.js', 420, 436 ]
372 silly gunzTarPerm extractEntry lib/util/file-matcher.js
373 silly gunzTarPerm modified mode [ 'lib/util/file-matcher.js', 420, 436 ]
374 silly gunzTarPerm extractEntry lib/util/file-writer.js
375 silly gunzTarPerm modified mode [ 'lib/util/file-writer.js', 420, 436 ]
376 silly gunzTarPerm extractEntry lib/util/help-formatter.js
377 silly gunzTarPerm modified mode [ 'lib/util/help-formatter.js', 420, 436 ]
378 silly gunzTarPerm extractEntry lib/util/input-error.js
379 silly gunzTarPerm modified mode [ 'lib/util/input-error.js', 420, 436 ]
380 silly gunzTarPerm extractEntry lib/util/insertion-text.js
381 silly gunzTarPerm modified mode [ 'lib/util/insertion-text.js', 420, 436 ]
382 silly gunzTarPerm extractEntry lib/util/meta.js
383 silly gunzTarPerm modified mode [ 'lib/util/meta.js', 420, 436 ]
384 silly gunzTarPerm extractEntry lib/util/tree-summarizer.js
385 silly gunzTarPerm modified mode [ 'lib/util/tree-summarizer.js', 420, 436 ]
386 silly gunzTarPerm extractEntry lib/util/writer.js
387 silly gunzTarPerm modified mode [ 'lib/util/writer.js', 420, 436 ]
388 silly gunzTarPerm extractEntry lib/util/yui-load-hook.js
389 silly gunzTarPerm modified mode [ 'lib/util/yui-load-hook.js', 420, 436 ]
390 silly gentlyRm /vagrant/app/node_modules/.staging/istanbul-7e6a710e/node_modules is being purged
391 verbose gentlyRm don't care about contents; nuking /vagrant/app/node_modules/.staging/istanbul-7e6a710e/node_modules
392 silly doParallel preinstall 3
393 silly preinstall esprima@2.7.3 /vagrant/app/node_modules/.staging/esprima-9856e2d0
394 info lifecycle esprima@2.7.3~preinstall: esprima@2.7.3
395 silly preinstall istanbul@0.4.5 /vagrant/app/node_modules/.staging/istanbul-7e6a710e
396 info lifecycle istanbul@0.4.5~preinstall: istanbul@0.4.5
397 silly preinstall jenkins-mocha@3.0.4 /vagrant/app/node_modules/.staging/jenkins-mocha-3c24566d
398 info lifecycle jenkins-mocha@3.0.4~preinstall: jenkins-mocha@3.0.4
399 silly lifecycle esprima@2.7.3~preinstall: no script for preinstall, continuing
400 silly lifecycle jenkins-mocha@3.0.4~preinstall: no script for preinstall, continuing
401 silly lifecycle istanbul@0.4.5~preinstall: no script for preinstall, continuing
402 silly doReverseSerial remove 0
403 silly doSerial move 0
404 silly doSerial finalize 3
405 silly finalize /vagrant/app/node_modules/esprima
406 silly finalize /vagrant/app/node_modules/istanbul
407 silly finalize /vagrant/app/node_modules/jenkins-mocha
408 silly doSerial build 3
409 silly build esprima@2.7.3
410 info linkStuff esprima@2.7.3
411 silly linkStuff esprima@2.7.3 has /vagrant/app/node_modules as its parent node_modules
412 verbose linkBins esprima@2.7.3
413 verbose link bins [ { esparse: './bin/esparse.js',
413 verbose link bins     esvalidate: './bin/esvalidate.js' },
413 verbose link bins   '/vagrant/app/node_modules/.bin',
413 verbose link bins   false ]
414 verbose linkMans esprima@2.7.3
415 silly gentlyRm /vagrant/app/node_modules/.bin/esparse is being purged
416 verbose gentlyRm don't care about contents; nuking /vagrant/app/node_modules/.bin/esparse
417 silly gentlyRm /vagrant/app/node_modules/.bin/esvalidate is being purged
418 verbose gentlyRm don't care about contents; nuking /vagrant/app/node_modules/.bin/esvalidate
419 verbose unlock done using /home/vagrant/.npm/_locks/staging-e7d71de570022d31.lock for /vagrant/app/node_modules/.staging
420 silly rollbackFailedOptional Starting
421 silly rollbackFailedOptional Finishing
422 silly runTopLevelLifecycles Finishing
423 silly install printInstalled
424 warn solution-code@1.0.0 No repository field.
425 verbose If you need help, you may report this error at:
425 verbose     <https://github.com/npm/npm/issues>
426 verbose stack Error: EPROTO: protocol error, symlink '../esprima/bin/esparse.js' -> '/vagrant/app/node_modules/.bin/esparse'
426 verbose stack     at Error (native)
427 verbose cwd /vagrant/app
428 error Linux 4.4.0-170-generic
429 error argv "/usr/bin/node" "/usr/bin/npm" "install"
430 error node v6.17.1
431 error npm  v3.10.10
432 error path ../esprima/bin/esparse.js
433 error code EPROTO
434 error errno -71
435 error syscall symlink
436 error EPROTO: protocol error, symlink '../esprima/bin/esparse.js' -> '/vagrant/app/node_modules/.bin/esparse'
437 error If you need help, you may report this error at:
437 error     <https://github.com/npm/npm/issues>
438 verbose exit [ -71, true ]
